0 info it worked if it ends with ok
1 verbose cli [ 'C:\\Program Files\\nodejs\\node.exe',
1 verbose cli   'C:\\Program Files\\nodejs\\node_modules\\npm\\bin\\npm-cli.js',
1 verbose cli   'start' ]
2 info using npm@3.10.10
3 info using node@v6.11.0
4 verbose run-script [ 'prestart', 'start', 'poststart' ]
5 info lifecycle gdax-trader@0.1.0~prestart: gdax-trader@0.1.0
6 silly lifecycle gdax-trader@0.1.0~prestart: no script for prestart, continuing
7 info lifecycle gdax-trader@0.1.0~start: gdax-trader@0.1.0
8 verbose lifecycle gdax-trader@0.1.0~start: unsafe-perm in lifecycle true
9 verbose lifecycle gdax-trader@0.1.0~start: PATH: C:\Program Files\nodejs\node_modules\npm\bin\node-gyp-bin;C:\Users\VertigoRay\Git\VertigoRay\GDAX\node_modules\.bin;C:\Program Files (x86)\NVIDIA Corporation\PhysX\Common;C:\WINDOWS\system32;C:\WINDOWS;C:\WINDOWS\System32\Wbem;C:\WINDOWS\System32\WindowsPowerShell\v1.0\;C:\Program Files (x86)\GnuPG\bin;C:\Program Files\TortoiseGit\bin;C:\Program Files\Git LFS;D:\HashiCorp\Vagrant\bin;C:\Program Files\Microsoft SQL Server\110\Tools\Binn\;C:\Program Files\Microsoft SQL Server\120\Tools\Binn\;D:\D\dmd2\windows\bin;C:\Program Files\Redis\;C:\Program Files\nodejs\;C:\Users\VertigoRay\.cargo\bin;C:\Users\VertigoRay\AppData\Local\Programs\Python\Python36-32\Scripts\;C:\Users\VertigoRay\AppData\Local\Programs\Python\Python36-32\;C:\Users\VertigoRay\AppData\Local\Microsoft\WindowsApps;C:\Users\VertigoRay\AppData\Local\atom\bin;C:\Program Files\Git\bin;C:\Program Files (x86)\Nmap;C:\Users\VertigoRay\AppData\Local\Microsoft\WindowsApps;;C:\Program Files (x86)\Microsoft VS Code\bin;C:\Users\VertigoRay\AppData\Roaming\npm
10 verbose lifecycle gdax-trader@0.1.0~start: CWD: C:\Users\VertigoRay\Git\VertigoRay\GDAX
11 silly lifecycle gdax-trader@0.1.0~start: Args: [ '/d /s /c', 'node .' ]
12 silly lifecycle gdax-trader@0.1.0~start: Returned: code: 1  signal: null
13 info lifecycle gdax-trader@0.1.0~start: Failed to exec start script
14 verbose stack Error: gdax-trader@0.1.0 start: `node .`
14 verbose stack Exit status 1
14 verbose stack     at EventEmitter.<anonymous> (C:\Program Files\nodejs\node_modules\npm\lib\utils\lifecycle.js:255:16)
14 verbose stack     at emitTwo (events.js:106:13)
14 verbose stack     at EventEmitter.emit (events.js:191:7)
14 verbose stack     at ChildProcess.<anonymous> (C:\Program Files\nodejs\node_modules\npm\lib\utils\spawn.js:40:14)
14 verbose stack     at emitTwo (events.js:106:13)
14 verbose stack     at ChildProcess.emit (events.js:191:7)
14 verbose stack     at maybeClose (internal/child_process.js:891:16)
14 verbose stack     at Process.ChildProcess._handle.onexit (internal/child_process.js:226:5)
15 verbose pkgid gdax-trader@0.1.0
16 verbose cwd C:\Users\VertigoRay\Git\VertigoRay\GDAX
17 error Windows_NT 10.0.15063
18 error argv "C:\\Program Files\\nodejs\\node.exe" "C:\\Program Files\\nodejs\\node_modules\\npm\\bin\\npm-cli.js" "start"
19 error node v6.11.0
20 error npm  v3.10.10
21 error code ELIFECYCLE
22 error gdax-trader@0.1.0 start: `node .`
22 error Exit status 1
23 error Failed at the gdax-trader@0.1.0 start script 'node .'.
23 error Make sure you have the latest version of node.js and npm installed.
23 error If you do, this is most likely a problem with the gdax-trader package,
23 error not with npm itself.
23 error Tell the author that this fails on your system:
23 error     node .
23 error You can get information on how to open an issue for this project with:
23 error     npm bugs gdax-trader
23 error Or if that isn't available, you can get their info via:
23 error     npm owner ls gdax-trader
23 error There is likely additional logging output above.
24 verbose exit [ 1, true ]
